D:\V3D\V3D_EXTERNAL\BIN\PLUGINS\SHUHAN\GET_SUB_TERAFLY\GET_SUB_TERAFLY.DLL
D:\V3D\v3d_external\bin\plugins\Shuhan\get_sub_terafly\get_sub_terafly.exp
D:\V3D\v3d_external\bin\plugins\Shuhan\get_sub_terafly\get_sub_terafly.lib
D:\V3D\vaa3d_tools\hackathon\Shuhan\get_sub_terafly\..\..\..\..\v3d_external\bin\plugins\Shuhan\get_sub_terafly\get_sub_terafly.dll
D:\V3D\VAA3D_TOOLS\HACKATHON\SHUHAN\GET_SUB_TERAFLY\RELEASE\MOC_GET_SUB_TERAFLY_PLUGIN.CPP
D:\V3D\vaa3d_tools\hackathon\Shuhan\get_sub_terafly\x64\Release\cl.command.1.tlog
D:\V3D\vaa3d_tools\hackathon\Shuhan\get_sub_terafly\x64\Release\CL.read.1.tlog
D:\V3D\vaa3d_tools\hackathon\Shuhan\get_sub_terafly\x64\Release\CL.write.1.tlog
D:\V3D\vaa3d_tools\hackathon\Shuhan\get_sub_terafly\x64\Release\custombuild.command.1.tlog
D:\V3D\vaa3d_tools\hackathon\Shuhan\get_sub_terafly\x64\Release\custombuild.read.1.tlog
D:\V3D\vaa3d_tools\hackathon\Shuhan\get_sub_terafly\x64\Release\custombuild.write.1.tlog
D:\V3D\VAA3D_TOOLS\HACKATHON\SHUHAN\GET_SUB_TERAFLY\X64\RELEASE\GET_SUB_TERAFLY.DLL.INTERMEDIATE.MANIFEST
D:\V3D\vaa3d_tools\hackathon\Shuhan\get_sub_terafly\x64\Release\get_sub_terafly.write.1.tlog
D:\V3D\VAA3D_TOOLS\HACKATHON\SHUHAN\GET_SUB_TERAFLY\X64\RELEASE\GET_SUB_TERAFLY_PLUGIN.OBJ
D:\V3D\vaa3d_tools\hackathon\Shuhan\get_sub_terafly\x64\Release\link.command.1.tlog
D:\V3D\vaa3d_tools\hackathon\Shuhan\get_sub_terafly\x64\Release\link.read.1.tlog
D:\V3D\vaa3d_tools\hackathon\Shuhan\get_sub_terafly\x64\Release\link.write.1.tlog
D:\V3D\VAA3D_TOOLS\HACKATHON\SHUHAN\GET_SUB_TERAFLY\X64\RELEASE\MOC_GET_SUB_TERAFLY_PLUGIN.OBJ
D:\V3D\vaa3d_tools\hackathon\Shuhan\get_sub_terafly\x64\Release\mt.command.1.tlog
D:\V3D\vaa3d_tools\hackathon\Shuhan\get_sub_terafly\x64\Release\mt.read.1.tlog
D:\V3D\vaa3d_tools\hackathon\Shuhan\get_sub_terafly\x64\Release\mt.write.1.tlog
D:\V3D\VAA3D_TOOLS\HACKATHON\SHUHAN\GET_SUB_TERAFLY\X64\RELEASE\V3D_MESSAGE.OBJ
D:\V3D\VAA3D_TOOLS\HACKATHON\SHUHAN\GET_SUB_TERAFLY\X64\RELEASE\VC100.PDB
